[0.013s] Invoking command in '/inz/ros_ws/build/robot': CMAKE_PREFIX_PATH=${CMAKE_PREFIX_PATH}:/opt/ros/foxy /usr/bin/cmake /inz/ros_ws/src/robot -DCMAKE_INSTALL_PREFIX=/inz/ros_ws/install/robot
[0.025s] -- Found ament_cmake: 0.9.12 (/opt/ros/foxy/share/ament_cmake/cmake)
[0.041s] -- Using PYTHON_EXECUTABLE: /usr/bin/python3
[0.135s] -- Override CMake install command with custom implementation using symlinks instead of copying resources
[0.139s] -- Found ament_lint_auto: 0.9.8 (/opt/ros/foxy/share/ament_lint_auto/cmake)
[0.183s] -- Added test 'copyright' to check source files copyright and LICENSE
[0.184s] -- Added test 'flake8' to check Python code syntax and style conventions
[0.184s] -- Added test 'lint_cmake' to check CMake code style
[0.185s] -- Added test 'pep257' to check Python code against some of the style conventions in PEP 257
[0.185s] -- Added test 'xmllint' to check XML markup files
[0.186s] -- Configuring done
[0.188s] -- Generating done
[0.188s] -- Build files have been written to: /inz/ros_ws/build/robot
[0.192s] Invoked command in '/inz/ros_ws/build/robot' returned '0': CMAKE_PREFIX_PATH=${CMAKE_PREFIX_PATH}:/opt/ros/foxy /usr/bin/cmake /inz/ros_ws/src/robot -DCMAKE_INSTALL_PREFIX=/inz/ros_ws/install/robot
[0.193s] Invoking command in '/inz/ros_ws/build/robot': CMAKE_PREFIX_PATH=${CMAKE_PREFIX_PATH}:/opt/ros/foxy /usr/bin/cmake --build /inz/ros_ws/build/robot -- -j12 -l12
[0.224s] Invoked command in '/inz/ros_ws/build/robot' returned '0': CMAKE_PREFIX_PATH=${CMAKE_PREFIX_PATH}:/opt/ros/foxy /usr/bin/cmake --build /inz/ros_ws/build/robot -- -j12 -l12
[0.251s] Invoking command in '/inz/ros_ws/build/robot': CMAKE_PREFIX_PATH=${CMAKE_PREFIX_PATH}:/opt/ros/foxy /usr/bin/cmake --install /inz/ros_ws/build/robot
[0.257s] -- Install configuration: ""
[0.258s] -- Execute custom install script
[0.258s] -- Up-to-date symlink: /inz/ros_ws/install/robot/share/robot/description/inertial_macros.xacro
[0.258s] -- Up-to-date symlink: /inz/ros_ws/install/robot/share/robot/description/robot.urdf.xacro
[0.258s] -- Up-to-date symlink: /inz/ros_ws/install/robot/share/robot/description/robot_core.xacro
[0.258s] -- Up-to-date symlink: /inz/ros_ws/install/robot/share/robot/launch/launch_sim_launch.py
[0.258s] -- Up-to-date symlink: /inz/ros_ws/install/robot/share/robot/launch/robot_launch.py
[0.259s] -- Up-to-date symlink: /inz/ros_ws/install/robot/share/robot/worlds/willowgarage.world
[0.259s] -- Up-to-date symlink: /inz/ros_ws/install/robot/share/ament_index/resource_index/package_run_dependencies/robot
[0.259s] -- Up-to-date symlink: /inz/ros_ws/install/robot/share/ament_index/resource_index/parent_prefix_path/robot
[0.259s] -- Up-to-date symlink: /inz/ros_ws/install/robot/share/robot/environment/ament_prefix_path.sh
[0.259s] -- Up-to-date symlink: /inz/ros_ws/install/robot/share/robot/environment/ament_prefix_path.dsv
[0.259s] -- Up-to-date symlink: /inz/ros_ws/install/robot/share/robot/environment/path.sh
[0.260s] -- Up-to-date symlink: /inz/ros_ws/install/robot/share/robot/environment/path.dsv
[0.260s] -- Up-to-date symlink: /inz/ros_ws/install/robot/share/robot/local_setup.bash
[0.260s] -- Up-to-date symlink: /inz/ros_ws/install/robot/share/robot/local_setup.sh
[0.260s] -- Up-to-date symlink: /inz/ros_ws/install/robot/share/robot/local_setup.zsh
[0.260s] -- Up-to-date symlink: /inz/ros_ws/install/robot/share/robot/local_setup.dsv
[0.260s] -- Symlinking: /inz/ros_ws/install/robot/share/robot/package.dsv
[0.268s] -- Up-to-date symlink: /inz/ros_ws/install/robot/share/ament_index/resource_index/packages/robot
[0.268s] -- Up-to-date symlink: /inz/ros_ws/install/robot/share/robot/cmake/robotConfig.cmake
[0.268s] -- Up-to-date symlink: /inz/ros_ws/install/robot/share/robot/cmake/robotConfig-version.cmake
[0.268s] -- Up-to-date symlink: /inz/ros_ws/install/robot/share/robot/package.xml
[0.270s] Invoked command in '/inz/ros_ws/build/robot' returned '0': CMAKE_PREFIX_PATH=${CMAKE_PREFIX_PATH}:/opt/ros/foxy /usr/bin/cmake --install /inz/ros_ws/build/robot
