[0.023s] Invoking command in '/inz/ros_ws/build/robot': CMAKE_PREFIX_PATH=/opt/ros/foxy /usr/bin/cmake --build /inz/ros_ws/build/robot -- -j12 -l12
[0.064s] -- Found ament_cmake: 0.9.12 (/opt/ros/foxy/share/ament_cmake/cmake)
[0.107s] -- Using PYTHON_EXECUTABLE: /usr/bin/python3
[0.286s] -- Override CMake install command with custom implementation using symlinks instead of copying resources
[0.294s] -- Found ament_lint_auto: 0.9.8 (/opt/ros/foxy/share/ament_lint_auto/cmake)
[0.386s] -- Added test 'copyright' to check source files copyright and LICENSE
[0.388s] -- Added test 'flake8' to check Python code syntax and style conventions
[0.389s] -- Added test 'lint_cmake' to check CMake code style
[0.389s] -- Added test 'pep257' to check Python code against some of the style conventions in PEP 257
[0.391s] -- Added test 'xmllint' to check XML markup files
[0.393s] -- Configuring done
[0.397s] -- Generating done
[0.399s] -- Build files have been written to: /inz/ros_ws/build/robot
[0.444s] Invoked command in '/inz/ros_ws/build/robot' returned '0': CMAKE_PREFIX_PATH=/opt/ros/foxy /usr/bin/cmake --build /inz/ros_ws/build/robot -- -j12 -l12
[0.502s] Invoking command in '/inz/ros_ws/build/robot': CMAKE_PREFIX_PATH=/opt/ros/foxy /usr/bin/cmake --install /inz/ros_ws/build/robot
[0.521s] -- Install configuration: ""
[0.521s] -- Execute custom install script
[0.522s] -- Up-to-date symlink: /inz/ros_ws/install/robot/share/robot/description/inertial_macros.xacro
[0.522s] -- Up-to-date symlink: /inz/ros_ws/install/robot/share/robot/description/robot.urdf.xacro
[0.523s] -- Up-to-date symlink: /inz/ros_ws/install/robot/share/robot/description/robot_core.xacro
[0.523s] -- Up-to-date symlink: /inz/ros_ws/install/robot/share/robot/launch/robot_launch.py
[0.524s] -- Symlinking: /inz/ros_ws/install/robot/share/robot/worlds/willowgarage.world
[0.537s] -- Symlinking: /inz/ros_ws/install/robot/share/ament_index/resource_index/package_run_dependencies/robot
[0.551s] -- Symlinking: /inz/ros_ws/install/robot/share/ament_index/resource_index/parent_prefix_path/robot
[0.572s] -- Symlinking: /inz/ros_ws/install/robot/share/robot/environment/ament_prefix_path.sh
[0.589s] -- Symlinking: /inz/ros_ws/install/robot/share/robot/environment/ament_prefix_path.dsv
[0.613s] -- Symlinking: /inz/ros_ws/install/robot/share/robot/environment/path.sh
[0.633s] -- Symlinking: /inz/ros_ws/install/robot/share/robot/environment/path.dsv
[0.648s] -- Symlinking: /inz/ros_ws/install/robot/share/robot/local_setup.bash
[0.670s] -- Symlinking: /inz/ros_ws/install/robot/share/robot/local_setup.sh
[0.683s] -- Symlinking: /inz/ros_ws/install/robot/share/robot/local_setup.zsh
[0.702s] -- Symlinking: /inz/ros_ws/install/robot/share/robot/local_setup.dsv
[0.717s] -- Symlinking: /inz/ros_ws/install/robot/share/robot/package.dsv
[0.731s] -- Symlinking: /inz/ros_ws/install/robot/share/ament_index/resource_index/packages/robot
[0.743s] -- Symlinking: /inz/ros_ws/install/robot/share/robot/cmake/robotConfig.cmake
[0.756s] -- Symlinking: /inz/ros_ws/install/robot/share/robot/cmake/robotConfig-version.cmake
[0.766s] -- Symlinking: /inz/ros_ws/install/robot/share/robot/package.xml
[0.780s] Invoked command in '/inz/ros_ws/build/robot' returned '0': CMAKE_PREFIX_PATH=/opt/ros/foxy /usr/bin/cmake --install /inz/ros_ws/build/robot
