[0.023s] Invoking command in '/inz/ros_ws/build/robot': CMAKE_PREFIX_PATH=/opt/ros/foxy /usr/bin/cmake /inz/ros_ws/src/robot -DAMENT_CMAKE_SYMLINK_INSTALL=1 -DCMAKE_INSTALL_PREFIX=/inz/ros_ws/install/robot
[0.120s] -- The C compiler identification is GNU 9.4.0
[0.227s] -- The CXX compiler identification is GNU 9.4.0
[0.235s] -- Check for working C compiler: /usr/bin/cc
[0.378s] -- Check for working C compiler: /usr/bin/cc -- works
[0.379s] -- Detecting C compiler ABI info
[0.515s] -- Detecting C compiler ABI info - done
[0.538s] -- Detecting C compile features
[0.539s] -- Detecting C compile features - done
[0.542s] -- Check for working CXX compiler: /usr/bin/c++
[0.646s] -- Check for working CXX compiler: /usr/bin/c++ -- works
[0.647s] -- Detecting CXX compiler ABI info
[0.802s] -- Detecting CXX compiler ABI info - done
[0.820s] -- Detecting CXX compile features
[0.821s] -- Detecting CXX compile features - done
[0.824s] -- Found ament_cmake: 0.9.12 (/opt/ros/foxy/share/ament_cmake/cmake)
[0.859s] -- Found PythonInterp: /usr/bin/python3 (found suitable version "3.8.10", minimum required is "3") 
[0.859s] -- Using PYTHON_EXECUTABLE: /usr/bin/python3
[1.033s] -- Override CMake install command with custom implementation using symlinks instead of copying resources
[1.061s] -- Found ament_lint_auto: 0.9.8 (/opt/ros/foxy/share/ament_lint_auto/cmake)
[1.156s] -- Added test 'copyright' to check source files copyright and LICENSE
[1.159s] -- Added test 'flake8' to check Python code syntax and style conventions
[1.160s] -- Added test 'lint_cmake' to check CMake code style
[1.161s] -- Added test 'pep257' to check Python code against some of the style conventions in PEP 257
[1.163s] -- Added test 'xmllint' to check XML markup files
[1.167s] -- Configuring done
[1.170s] -- Generating done
[1.171s] -- Build files have been written to: /inz/ros_ws/build/robot
[1.177s] Invoked command in '/inz/ros_ws/build/robot' returned '0': CMAKE_PREFIX_PATH=/opt/ros/foxy /usr/bin/cmake /inz/ros_ws/src/robot -DAMENT_CMAKE_SYMLINK_INSTALL=1 -DCMAKE_INSTALL_PREFIX=/inz/ros_ws/install/robot
[1.182s] Invoking command in '/inz/ros_ws/build/robot': CMAKE_PREFIX_PATH=/opt/ros/foxy /usr/bin/cmake --build /inz/ros_ws/build/robot -- -j12 -l12
[1.250s] Invoked command in '/inz/ros_ws/build/robot' returned '0': CMAKE_PREFIX_PATH=/opt/ros/foxy /usr/bin/cmake --build /inz/ros_ws/build/robot -- -j12 -l12
[1.328s] Invoking command in '/inz/ros_ws/build/robot': CMAKE_PREFIX_PATH=/opt/ros/foxy /usr/bin/cmake --install /inz/ros_ws/build/robot
[1.346s] -- Install configuration: ""
[1.346s] -- Execute custom install script
[1.348s] -- Symlinking: /inz/ros_ws/install/robot/share/robot/description/inertial_macros.xacro
[1.368s] -- Symlinking: /inz/ros_ws/install/robot/share/robot/description/robot.urdf.xacro
[1.388s] -- Symlinking: /inz/ros_ws/install/robot/share/robot/description/robot_core.xacro
[1.406s] -- Symlinking: /inz/ros_ws/install/robot/share/robot/launch/robot_launch.py
[1.420s] CMake Error at ament_cmake_symlink_install/ament_cmake_symlink_install.cmake:100 (message):
[1.420s]   ament_cmake_symlink_install_directory() can't find
[1.420s]   '/inz/ros_ws/src/robot/worlds'
[1.420s] Call Stack (most recent call first):
[1.420s]   ament_cmake_symlink_install/ament_cmake_symlink_install.cmake:314 (ament_cmake_symlink_install_directory)
[1.421s]   cmake_install.cmake:41 (include)
[1.421s] 
[1.421s] 
[1.423s] Invoked command in '/inz/ros_ws/build/robot' returned '1': CMAKE_PREFIX_PATH=/opt/ros/foxy /usr/bin/cmake --install /inz/ros_ws/build/robot
