[0.255s] DEBUG:colcon:Command line arguments: ['/usr/bin/colcon', 'build', '--symlink-install']
[0.255s] DEBUG:colcon:Parsed command line arguments: Namespace(ament_cmake_args=None, base_paths=['.'], build_base='build', catkin_cmake_args=None, catkin_skip_building_tests=False, cmake_args=None, cmake_clean_cache=False, cmake_clean_first=False, cmake_force_configure=False, cmake_target=None, cmake_target_skip_unavailable=False, continue_on_error=False, event_handlers=None, executor='parallel', ignore_user_meta=False, install_base='install', log_base=None, log_level=None, main=<bound method BuildVerb.main of <colcon_core.verb.build.BuildVerb object at 0x776f15ccdbb0>>, merge_install=False, metas=['./colcon.meta'], mixin=None, mixin_files=None, mixin_verb=('build',), packages_above=None, packages_above_and_dependencies=None, packages_above_depth=None, packages_end=None, packages_ignore=None, packages_ignore_regex=None, packages_select=None, packages_select_build_failed=False, packages_select_by_dep=None, packages_select_regex=None, packages_select_test_failures=False, packages_skip=None, packages_skip_build_finished=False, packages_skip_by_dep=None, packages_skip_regex=None, packages_skip_test_passed=False, packages_skip_up_to=None, packages_start=None, packages_up_to=None, packages_up_to_regex=None, parallel_workers=12, paths=None, symlink_install=True, test_result_base=None, verb_extension=<colcon_core.verb.build.BuildVerb object at 0x776f15ccdbb0>, verb_name='build', verb_parser=<colcon_mixin.mixin.mixin_argument.MixinArgumentDecorator object at 0x776f15c591c0>)
[0.281s] Level 1:colcon.colcon_core.package_discovery:discover_packages(colcon_meta) check parameters
[0.281s] Level 1:colcon.colcon_core.package_discovery:discover_packages(recursive) check parameters
[0.281s] Level 1:colcon.colcon_core.package_discovery:discover_packages(ignore) check parameters
[0.281s] Level 1:colcon.colcon_core.package_discovery:discover_packages(path) check parameters
[0.281s] Level 1:colcon.colcon_core.package_discovery:discover_packages(colcon_meta) discover
[0.281s] Level 1:colcon.colcon_core.package_discovery:discover_packages(recursive) discover
[0.281s] INFO:colcon.colcon_core.package_discovery:Crawling recursively for packages in '/inz/ros_ws'
[0.281s] Level 1:colcon.colcon_core.package_identification:_identify(.) by extensions ['ignore', 'ignore_ament_install']
[0.281s] Level 1:colcon.colcon_core.package_identification:_identify(.) by extension 'ignore'
[0.281s] Level 1:colcon.colcon_core.package_identification:_identify(.) by extension 'ignore_ament_install'
[0.281s] Level 1:colcon.colcon_core.package_identification:_identify(.) by extensions ['colcon_pkg']
[0.281s] Level 1:colcon.colcon_core.package_identification:_identify(.) by extension 'colcon_pkg'
[0.281s] Level 1:colcon.colcon_core.package_identification:_identify(.) by extensions ['colcon_meta']
[0.281s] Level 1:colcon.colcon_core.package_identification:_identify(.) by extension 'colcon_meta'
[0.281s] Level 1:colcon.colcon_core.package_identification:_identify(.) by extensions ['ros']
[0.281s] Level 1:colcon.colcon_core.package_identification:_identify(.) by extension 'ros'
[0.301s] Level 1:colcon.colcon_core.package_identification:_identify(.) by extensions ['cmake', 'python']
[0.301s] Level 1:colcon.colcon_core.package_identification:_identify(.) by extension 'cmake'
[0.301s] Level 1:colcon.colcon_core.package_identification:_identify(.) by extension 'python'
[0.301s] Level 1:colcon.colcon_core.package_identification:_identify(.) by extensions ['python_setup_py']
[0.301s] Level 1:colcon.colcon_core.package_identification:_identify(.) by extension 'python_setup_py'
[0.301s] Level 1:colcon.colcon_core.package_identification:_identify(build) by extensions ['ignore', 'ignore_ament_install']
[0.301s] Level 1:colcon.colcon_core.package_identification:_identify(build) by extension 'ignore'
[0.301s] Level 1:colcon.colcon_core.package_identification:_identify(build) ignored
[0.301s] Level 1:colcon.colcon_core.package_identification:_identify(install) by extensions ['ignore', 'ignore_ament_install']
[0.301s] Level 1:colcon.colcon_core.package_identification:_identify(install) by extension 'ignore'
[0.301s] Level 1:colcon.colcon_core.package_identification:_identify(install) ignored
[0.301s] Level 1:colcon.colcon_core.package_identification:_identify(log) by extensions ['ignore', 'ignore_ament_install']
[0.301s] Level 1:colcon.colcon_core.package_identification:_identify(log) by extension 'ignore'
[0.301s] Level 1:colcon.colcon_core.package_identification:_identify(log) ignored
[0.301s] Level 1:colcon.colcon_core.package_identification:_identify(src) by extensions ['ignore', 'ignore_ament_install']
[0.302s] Level 1:colcon.colcon_core.package_identification:_identify(src) by extension 'ignore'
[0.302s] Level 1:colcon.colcon_core.package_identification:_identify(src) by extension 'ignore_ament_install'
[0.302s] Level 1:colcon.colcon_core.package_identification:_identify(src) by extensions ['colcon_pkg']
[0.302s] Level 1:colcon.colcon_core.package_identification:_identify(src) by extension 'colcon_pkg'
[0.302s] Level 1:colcon.colcon_core.package_identification:_identify(src) by extensions ['colcon_meta']
[0.302s] Level 1:colcon.colcon_core.package_identification:_identify(src) by extension 'colcon_meta'
[0.302s] Level 1:colcon.colcon_core.package_identification:_identify(src) by extensions ['ros']
[0.302s] Level 1:colcon.colcon_core.package_identification:_identify(src) by extension 'ros'
[0.302s] Level 1:colcon.colcon_core.package_identification:_identify(src) by extensions ['cmake', 'python']
[0.302s] Level 1:colcon.colcon_core.package_identification:_identify(src) by extension 'cmake'
[0.302s] Level 1:colcon.colcon_core.package_identification:_identify(src) by extension 'python'
[0.302s] Level 1:colcon.colcon_core.package_identification:_identify(src) by extensions ['python_setup_py']
[0.302s] Level 1:colcon.colcon_core.package_identification:_identify(src) by extension 'python_setup_py'
[0.302s] Level 1:colcon.colcon_core.package_identification:_identify(src/robot) by extensions ['ignore', 'ignore_ament_install']
[0.302s] Level 1:colcon.colcon_core.package_identification:_identify(src/robot) by extension 'ignore'
[0.302s] Level 1:colcon.colcon_core.package_identification:_identify(src/robot) by extension 'ignore_ament_install'
[0.302s] Level 1:colcon.colcon_core.package_identification:_identify(src/robot) by extensions ['colcon_pkg']
[0.302s] Level 1:colcon.colcon_core.package_identification:_identify(src/robot) by extension 'colcon_pkg'
[0.302s] Level 1:colcon.colcon_core.package_identification:_identify(src/robot) by extensions ['colcon_meta']
[0.302s] Level 1:colcon.colcon_core.package_identification:_identify(src/robot) by extension 'colcon_meta'
[0.302s] Level 1:colcon.colcon_core.package_identification:_identify(src/robot) by extensions ['ros']
[0.302s] Level 1:colcon.colcon_core.package_identification:_identify(src/robot) by extension 'ros'
[0.305s] DEBUG:colcon.colcon_core.package_identification:Package 'src/robot' with type 'ros.ament_cmake' and name 'robot'
[0.305s] Level 1:colcon.colcon_core.package_discovery:discover_packages(recursive) using defaults
[0.305s] Level 1:colcon.colcon_core.package_discovery:discover_packages(ignore) discover
[0.305s] Level 1:colcon.colcon_core.package_discovery:discover_packages(ignore) using defaults
[0.305s] Level 1:colcon.colcon_core.package_discovery:discover_packages(path) discover
[0.305s] Level 1:colcon.colcon_core.package_discovery:discover_packages(path) using defaults
[0.323s] Level 5:colcon.colcon_core.verb:set package 'robot' build argument 'cmake_args' from command line to 'None'
[0.323s] Level 5:colcon.colcon_core.verb:set package 'robot' build argument 'cmake_target' from command line to 'None'
[0.323s] Level 5:colcon.colcon_core.verb:set package 'robot' build argument 'cmake_target_skip_unavailable' from command line to 'False'
[0.323s] Level 5:colcon.colcon_core.verb:set package 'robot' build argument 'cmake_clean_cache' from command line to 'False'
[0.323s] Level 5:colcon.colcon_core.verb:set package 'robot' build argument 'cmake_clean_first' from command line to 'False'
[0.323s] Level 5:colcon.colcon_core.verb:set package 'robot' build argument 'cmake_force_configure' from command line to 'False'
[0.323s] Level 5:colcon.colcon_core.verb:set package 'robot' build argument 'ament_cmake_args' from command line to 'None'
[0.323s] Level 5:colcon.colcon_core.verb:set package 'robot' build argument 'catkin_cmake_args' from command line to 'None'
[0.323s] Level 5:colcon.colcon_core.verb:set package 'robot' build argument 'catkin_skip_building_tests' from command line to 'False'
[0.323s] DEBUG:colcon.colcon_core.verb:Building package 'robot' with the following arguments: {'ament_cmake_args': None, 'build_base': '/inz/ros_ws/build/robot', 'catkin_cmake_args': None, 'catkin_skip_building_tests': False, 'cmake_args': None, 'cmake_clean_cache': False, 'cmake_clean_first': False, 'cmake_force_configure': False, 'cmake_target': None, 'cmake_target_skip_unavailable': False, 'install_base': '/inz/ros_ws/install/robot', 'merge_install': False, 'path': '/inz/ros_ws/src/robot', 'symlink_install': True, 'test_result_base': None}
[0.324s] INFO:colcon.colcon_core.executor:Executing jobs using 'parallel' executor
[0.327s] DEBUG:colcon.colcon_parallel_executor.executor.parallel:run_until_complete
[0.327s] INFO:colcon.colcon_ros.task.ament_cmake.build:Building ROS package in '/inz/ros_ws/src/robot' with build type 'ament_cmake'
[0.327s] INFO:colcon.colcon_cmake.task.cmake.build:Building CMake package in '/inz/ros_ws/src/robot'
[0.332s] INFO:colcon.colcon_core.plugin_system:Skipping extension 'colcon_core.shell.bat': Not used on non-Windows systems
[0.332s] INFO:colcon.colcon_core.shell:Skip shell extension 'powershell' for command environment: Not usable outside of PowerShell
[0.332s] DEBUG:colcon.colcon_core.shell:Skip shell extension 'dsv' for command environment
[0.351s] DEBUG:colcon.colcon_core.event_handler.log_command:Invoking command in '/inz/ros_ws/build/robot': CMAKE_PREFIX_PATH=/opt/ros/foxy /usr/bin/cmake /inz/ros_ws/src/robot -DAMENT_CMAKE_SYMLINK_INSTALL=1 -DCMAKE_INSTALL_PREFIX=/inz/ros_ws/install/robot
[1.505s] DEBUG:colcon.colcon_core.event_handler.log_command:Invoked command in '/inz/ros_ws/build/robot' returned '0': CMAKE_PREFIX_PATH=/opt/ros/foxy /usr/bin/cmake /inz/ros_ws/src/robot -DAMENT_CMAKE_SYMLINK_INSTALL=1 -DCMAKE_INSTALL_PREFIX=/inz/ros_ws/install/robot
[1.510s] DEBUG:colcon.colcon_core.event_handler.log_command:Invoking command in '/inz/ros_ws/build/robot': CMAKE_PREFIX_PATH=/opt/ros/foxy /usr/bin/cmake --build /inz/ros_ws/build/robot -- -j12 -l12
[1.578s] DEBUG:colcon.colcon_core.event_handler.log_command:Invoked command in '/inz/ros_ws/build/robot' returned '0': CMAKE_PREFIX_PATH=/opt/ros/foxy /usr/bin/cmake --build /inz/ros_ws/build/robot -- -j12 -l12
[1.655s] DEBUG:colcon.colcon_core.event_handler.log_command:Invoking command in '/inz/ros_ws/build/robot': CMAKE_PREFIX_PATH=/opt/ros/foxy /usr/bin/cmake --install /inz/ros_ws/build/robot
[1.750s] DEBUG:colcon.colcon_core.event_handler.log_command:Invoked command in '/inz/ros_ws/build/robot' returned '1': CMAKE_PREFIX_PATH=/opt/ros/foxy /usr/bin/cmake --install /inz/ros_ws/build/robot
[1.793s] Level 1:colcon.colcon_core.environment:create_environment_scripts_only(robot)
[1.802s] Level 1:colcon.colcon_core.environment:checking '/inz/ros_ws/install/robot' for CMake module files
[1.803s] Level 1:colcon.colcon_core.environment:checking '/inz/ros_ws/install/robot' for CMake config files
[1.804s] Level 1:colcon.colcon_core.environment:checking '/inz/ros_ws/install/robot/bin'
[1.804s] Level 1:colcon.colcon_core.environment:checking '/inz/ros_ws/install/robot/lib/pkgconfig/robot.pc'
[1.806s] Level 1:colcon.colcon_core.environment:checking '/inz/ros_ws/install/robot/lib/python3.8/site-packages'
[1.806s] Level 1:colcon.colcon_core.environment:checking '/inz/ros_ws/install/robot/bin'
[1.808s] INFO:colcon.colcon_core.shell:Creating package script '/inz/ros_ws/install/robot/share/robot/package.ps1'
[1.810s] INFO:colcon.colcon_core.shell:Creating package descriptor '/inz/ros_ws/install/robot/share/robot/package.dsv'
[1.811s] INFO:colcon.colcon_core.shell:Creating package script '/inz/ros_ws/install/robot/share/robot/package.sh'
[1.812s] INFO:colcon.colcon_core.shell:Creating package script '/inz/ros_ws/install/robot/share/robot/package.bash'
[1.813s] INFO:colcon.colcon_core.shell:Creating package script '/inz/ros_ws/install/robot/share/robot/package.zsh'
[1.814s] Level 1:colcon.colcon_core.environment:create_file_with_runtime_dependencies(/inz/ros_ws/install/robot/share/colcon-core/packages/robot)
[1.825s] DEBUG:colcon.colcon_parallel_executor.executor.parallel:closing loop
[1.826s] DEBUG:colcon.colcon_parallel_executor.executor.parallel:loop closed
[1.826s] DEBUG:colcon.colcon_parallel_executor.executor.parallel:run_until_complete finished with '1'
[1.826s] DEBUG:colcon.colcon_core.event_reactor:joining thread
[1.837s] INFO:colcon.colcon_core.plugin_system:Skipping extension 'colcon_notification.desktop_notification.notify_send': Could not find 'notify-send'
[1.837s] INFO:colcon.colcon_core.plugin_system:Skipping extension 'colcon_notification.desktop_notification.terminal_notifier': Not used on non-Darwin systems
[1.837s] INFO:colcon.colcon_core.plugin_system:Skipping extension 'colcon_notification.desktop_notification.win32': Not used on non-Windows systems
[1.837s] INFO:colcon.colcon_notification.desktop_notification:Sending desktop notification using 'notify2'
[1.841s] DEBUG:colcon.colcon_notification.desktop_notification.notify2:Failed to initialize notify2: org.freedesktop.DBus.Error.Spawn.ExecFailed: /usr/bin/dbus-launch terminated abnormally without any error message
[1.842s] DEBUG:colcon.colcon_core.event_reactor:joined thread
[1.845s] INFO:colcon.colcon_core.shell:Creating prefix script '/inz/ros_ws/install/local_setup.ps1'
[1.848s] INFO:colcon.colcon_core.shell:Creating prefix util module '/inz/ros_ws/install/_local_setup_util_ps1.py'
[1.850s] INFO:colcon.colcon_core.shell:Creating prefix chain script '/inz/ros_ws/install/setup.ps1'
[1.853s] INFO:colcon.colcon_core.shell:Creating prefix script '/inz/ros_ws/install/local_setup.sh'
[1.854s] INFO:colcon.colcon_core.shell:Creating prefix util module '/inz/ros_ws/install/_local_setup_util_sh.py'
[1.855s] INFO:colcon.colcon_core.shell:Creating prefix chain script '/inz/ros_ws/install/setup.sh'
[1.857s] INFO:colcon.colcon_core.shell:Creating prefix script '/inz/ros_ws/install/local_setup.bash'
[1.858s] INFO:colcon.colcon_core.shell:Creating prefix chain script '/inz/ros_ws/install/setup.bash'
[1.860s] INFO:colcon.colcon_core.shell:Creating prefix script '/inz/ros_ws/install/local_setup.zsh'
[1.861s] INFO:colcon.colcon_core.shell:Creating prefix chain script '/inz/ros_ws/install/setup.zsh'
