[0.013s] Invoking command in '/inz/ros_ws/build/robot': CMAKE_PREFIX_PATH=${CMAKE_PREFIX_PATH}:/opt/ros/foxy /usr/bin/cmake --build /inz/ros_ws/build/robot -- -j12 -l12
[0.044s] Invoked command in '/inz/ros_ws/build/robot' returned '0': CMAKE_PREFIX_PATH=${CMAKE_PREFIX_PATH}:/opt/ros/foxy /usr/bin/cmake --build /inz/ros_ws/build/robot -- -j12 -l12
[0.071s] Invoking command in '/inz/ros_ws/build/robot': CMAKE_PREFIX_PATH=${CMAKE_PREFIX_PATH}:/opt/ros/foxy /usr/bin/cmake --install /inz/ros_ws/build/robot
[0.077s] -- Install configuration: ""
[0.078s] -- Execute custom install script
[0.078s] -- Up-to-date symlink: /inz/ros_ws/install/robot/share/robot/description/gazebo_control.xacro
[0.078s] -- Up-to-date symlink: /inz/ros_ws/install/robot/share/robot/description/inertial_macros.xacro
[0.078s] -- Up-to-date symlink: /inz/ros_ws/install/robot/share/robot/description/robot.urdf.xacro
[0.078s] -- Up-to-date symlink: /inz/ros_ws/install/robot/share/robot/description/robot_core.xacro
[0.078s] -- Up-to-date symlink: /inz/ros_ws/install/robot/share/robot/launch/launch_sim_launch.py
[0.078s] -- Up-to-date symlink: /inz/ros_ws/install/robot/share/robot/launch/robot_launch.py
[0.079s] -- Up-to-date symlink: /inz/ros_ws/install/robot/share/robot/worlds/willowgarage.world
[0.079s] -- Up-to-date symlink: /inz/ros_ws/install/robot/share/ament_index/resource_index/package_run_dependencies/robot
[0.079s] -- Up-to-date symlink: /inz/ros_ws/install/robot/share/ament_index/resource_index/parent_prefix_path/robot
[0.079s] -- Up-to-date symlink: /inz/ros_ws/install/robot/share/robot/environment/ament_prefix_path.sh
[0.079s] -- Up-to-date symlink: /inz/ros_ws/install/robot/share/robot/environment/ament_prefix_path.dsv
[0.079s] -- Up-to-date symlink: /inz/ros_ws/install/robot/share/robot/environment/path.sh
[0.080s] -- Up-to-date symlink: /inz/ros_ws/install/robot/share/robot/environment/path.dsv
[0.080s] -- Up-to-date symlink: /inz/ros_ws/install/robot/share/robot/local_setup.bash
[0.080s] -- Up-to-date symlink: /inz/ros_ws/install/robot/share/robot/local_setup.sh
[0.080s] -- Up-to-date symlink: /inz/ros_ws/install/robot/share/robot/local_setup.zsh
[0.080s] -- Up-to-date symlink: /inz/ros_ws/install/robot/share/robot/local_setup.dsv
[0.080s] -- Symlinking: /inz/ros_ws/install/robot/share/robot/package.dsv
[0.087s] -- Up-to-date symlink: /inz/ros_ws/install/robot/share/ament_index/resource_index/packages/robot
[0.088s] -- Up-to-date symlink: /inz/ros_ws/install/robot/share/robot/cmake/robotConfig.cmake
[0.088s] -- Up-to-date symlink: /inz/ros_ws/install/robot/share/robot/cmake/robotConfig-version.cmake
[0.088s] -- Up-to-date symlink: /inz/ros_ws/install/robot/share/robot/package.xml
[0.090s] Invoked command in '/inz/ros_ws/build/robot' returned '0': CMAKE_PREFIX_PATH=${CMAKE_PREFIX_PATH}:/opt/ros/foxy /usr/bin/cmake --install /inz/ros_ws/build/robot
